Started the build process
Checking image "_themeimgs/Agriculture.jpg"
Processing JSON file "Agriculture/Agriculture.json"
Checking image "Agriculture/fig/Saudi_Arabia_Agriculture_thumbnail.jpg"
Checking image "Agriculture/fig/Italy_Agriculture_thumbnail.jpg"
Checking image "Agriculture/fig/California_Agriculture_thumbnail.jpg"
Checking image "Agriculture/fig/Ethiopia_Agriculture_thumbnail.jpg"
Checking image "Agriculture/fig/India_Agriculture_thumbnail.jpg"
Checking image "Agriculture/fig/Vietnam_Agriculture_thumbnail.jpg"
Checking image "Agriculture/fig/Poland_Agriculture_thumbnail.jpg"
Checking image "Agriculture/fig/Nile_Agriculture_thumbnail.jpg"
Checking image "Agriculture/fig/Zambia_Agriculture_thumbnail.jpg"
Checking image "Agriculture/fig/Kansas_agriculture_thumbnail.jpg"
Checking image "Agriculture/fig/Limpopo_Agriculture_thumbnail.jpg"
Checking image "Agriculture/fig/Cambodia_Agriculture_thumbnail.jpg"
Checking image "Agriculture/fig/Australia_Agriculture_thumbnail.jpg"
Checking image "Agriculture/fig/Ontario_Agriculture_thumbnail.jpg"
Checking image "Agriculture/fig/Jordan_Agriculture_thumbnail.jpg"
Checking image "_themeimgs/Atmosphere_and_Air_Pollution.jpg"
Processing JSON file "Atmosphere_and_Air_Pollution/Atmosphere_and_Air_Pollution.json"
Checking image "Atmosphere_and_Air_Pollution/fig/CO_Ghana_thumbnail.png"
Checking image "Atmosphere_and_Air_Pollution/fig/CO_Thailand_thumbnail.png"
Checking image "Atmosphere_and_Air_Pollution/fig/CO_Australia_thumbnail.png"
Checking image "Atmosphere_and_Air_Pollution/fig/CO_Kongo_thumbnail.png"
Checking image "Atmosphere_and_Air_Pollution/fig/CO_Switzerland_thumbnail.png"
Checking image "Atmosphere_and_Air_Pollution/fig/NO2_India_thumbnail.png"
Checking image "Atmosphere_and_Air_Pollution/fig/NO2_Poland_thumbnail.png"
Checking image "Atmosphere_and_Air_Pollution/fig/NO2_Jonahhesburg_thumbnail.png"
Checking image "Atmosphere_and_Air_Pollution/fig/NO2_Riyadh_thumbnail.png"
Checking image "Atmosphere_and_Air_Pollution/fig/CH4_Turkmenistan_thumbnail.png"
Checking image "Atmosphere_and_Air_Pollution/fig/CH4_Burkina_thumbnail.png"
Checking image "Atmosphere_and_Air_Pollution/fig/SO2_Andorra_thumbnail.png"
Checking image "Atmosphere_and_Air_Pollution/fig/SO2_Italy_thumbnail.png"
Checking image "Atmosphere_and_Air_Pollution/fig/O3_Kamchatka_thumbnail.png"
Checking image "Atmosphere_and_Air_Pollution/fig/HCHO_Ghana_thumbnail.png"
Checking image "Atmosphere_and_Air_Pollution/fig/HCHO_China_thumbnail.png"
Checking image "Atmosphere_and_Air_Pollution/fig/AER_Australia_thumbnail.png"
Checking image "Atmosphere_and_Air_Pollution/fig/AER_Chad_thumbnail.png"
Checking image "Atmosphere_and_Air_Pollution/fig/AER_Mauretania_thumbnail.png"
Checking image "Atmosphere_and_Air_Pollution/fig/Optical_Thickness_thumbnail.png"
Checking image "Atmosphere_and_Air_Pollution/fig/Base_pressure_thumbnail.png"
Checking image "_themeimgs/Change_Detection_Through_Time.jpg"
Processing JSON file "Change_Detection_Through_Time/Change_detection_through_time.json"
Checking image "Change_Detection_Through_Time/fig/Agriculture_Egypt_earlier.jpg"
Checking image "Change_Detection_Through_Time/fig/Agriculture_Egypt_later_thumbnail.jpg"
Checking image "Change_Detection_Through_Time/fig/Popoo_earlier_thumbnail.jpg"
Checking image "Change_Detection_Through_Time/fig/Popoo_later_thumbnail.jpg"
Checking image "Change_Detection_Through_Time/fig/Dubai_before_thumbnail.jpg"
Checking image "Change_Detection_Through_Time/fig/Dubai after_thumbnail.jpg"
Checking image "Change_Detection_Through_Time/fig/Italy_before_thumbnail.jpg"
Checking image "Change_Detection_Through_Time/fig/Italy_after_thumbnail.jpg"
Checking image "Change_Detection_Through_Time/fig/Aral_before_thumbnail.jpg"
Checking image "Change_Detection_Through_Time/fig/Aral_after_thumbnail.jpg"
Checking image "Change_Detection_Through_Time/fig/Glaciers_Switzerland_earlier_thumbnail.jpg"
Checking image "Change_Detection_Through_Time/fig/Glaciers_Switzerland_later_thumbnail.jpg"
Checking image "Change_Detection_Through_Time/fig/Xingu_river_earlier_thumbnail.jpg"
Checking image "Change_Detection_Through_Time/fig/Xingu_river_later_thumbnail.jpg"
Checking image "_themeimgs/Floods_and_Droughts.jpg"
Processing JSON file "Floods_and_Droughts/Floods_and_Droughts.json"
Checking image "Floods_and_Droughts/fig/Chennai_before_Drought.jpg"
Checking image "Floods_and_Droughts/fig/Chennai_Drought.jpg"
Checking image "Floods_and_Droughts/fig/Chennai_after_drought.jpg"
Checking image "Floods_and_Droughts/fig/Bangladesh_no_flood.jpg"
Checking image "Floods_and_Droughts/fig/Bangladesh_flood.jpg"
Checking image "Floods_and_Droughts/fig/Madagascar_no_flood.jpg"
Checking image "Floods_and_Droughts/fig/Madagascar_flood.jpg"
Checking image "Floods_and_Droughts/fig/Omaha_no_flood.jpg"
Checking image "Floods_and_Droughts/fig/Omaga_flood.jpg"
Checking image "Floods_and_Droughts/fig/Denmark_no_drought.jpg"
Checking image "Floods_and_Droughts/fig/Denmark_drought.jpg"
Checking image "_themeimgs/Geology.jpg"
Processing JSON file "Geology/Geology.json"
Checking image "Geology/fig/Grasbergs_Open_Pit_thumbnail.jpg"
Checking image "Geology/fig/Meteor_Crater_Geology_thumbnail.jpg"
Checking image "Geology/fig/Denakil_Depression_thumbnail.jpg"
Checking image "Geology/fig/Madagascar_Geology_thumbnail.jpg"
Checking image "Geology/fig/Colca_Canyon_Geology_thumbnail.jpg"
Checking image "Geology/fig/Mingsha_Singing_Sand_Dunes_thumbnail.jpg"
Checking image "Geology/fig/Alluvial_streams_thumbnail.jpg"
Checking image "Geology/fig/Knockan_Crag_thumbnail.jpg"
Checking image "Geology/fig/The_Great_Blue_Hole_Geology_thumbnail.jpg"
Checking image "Geology/fig/Grand_Canyon_Geology_thumbnail.jpg"
Checking image "Geology/fig/Ha_Long_bay_Geology_thumbnail.jpg"
Checking image "Geology/fig/Namib_Desert_Geology_thumbnail.jpg"
Checking image "Geology/fig/Fjords_of_Norway_Geology_thumbnail.jpg"
Checking image "Geology/fig/Richat_Structure_thumbnail.jpg"
Checking image "_themeimgs/Monitoring_Earth_from_Space.jpg"
Processing JSON file "Monitoring_Earth_from_Space/Monitoring_Earth_from_Space.json"
Checking image "Monitoring_Earth_from_Space/fig/Sundarbans_thumbnail.jpg"
Checking image "Monitoring_Earth_from_Space/fig/Italian_Agriculture_thumbnail.jpg"
Checking image "Monitoring_Earth_from_Space/fig/Betsiboka_River_thumbnail.jpg"
Checking image "Monitoring_Earth_from_Space/fig/Richat_Structure_thumbnail.jpg"
Checking image "Monitoring_Earth_from_Space/fig/Glacier_Grey_thumbnail.jpg"
Checking image "Monitoring_Earth_from_Space/fig/Venice_thumbnail.jpg"
Checking image "Monitoring_Earth_from_Space/fig/Stromboli_thumbnail.jpg"
Checking image "Monitoring_Earth_from_Space/fig/Croatia_Wildfires_thumbnail.jpg"
Checking image "_themeimgs/Ocean_and_Water_Bodies.jpg"
Processing JSON file "Ocean_and_Water_Bodies/Ocean_and_Water_Bodies.json"
Checking image "Ocean_and_Water_Bodies/fig/betsiboka_low_thumbnail.jpg"
Checking image "Ocean_and_Water_Bodies/fig/betsiboka_high_thumbnail.jpg"
Checking image "Ocean_and_Water_Bodies/fig/natron_thumbnail.jpg"
Checking image "Ocean_and_Water_Bodies/fig/roper_river_thumbnail.jpg"
Checking image "Ocean_and_Water_Bodies/fig/algae_blooms_donn_thumbnail.jpg"
Checking image "Ocean_and_Water_Bodies/fig/lake_mackay_thumbnail.jpg"
Checking image "Ocean_and_Water_Bodies/fig/shark_bay_thumbnail.jpg"
Checking image "Ocean_and_Water_Bodies/fig/shark_bay_quality_thumbnail.jpg"
Checking image "Ocean_and_Water_Bodies/fig/barrier_reef_thumbnail.jpg"
Checking image "Ocean_and_Water_Bodies/fig/waves_thumbnail.jpg"
Checking image "_themeimgs/Snow_and_Glaciers.jpg"
Processing JSON file "Snow_and_Glaciers/Snow_and_Glaciers.json"
Checking image "Snow_and_Glaciers/fig/khatanga_thumbnail.jpg"
Checking image "Snow_and_Glaciers/fig/bear_glacier_thumbnail.jpg"
Checking image "Snow_and_Glaciers/fig/Glacier_Grey_thumbnail.jpg"
Checking image "Snow_and_Glaciers/fig/erebus_ice_tongue_thumbnail.jpg"
Checking image "Snow_and_Glaciers/fig/sermeq_kujalleq_thumbnail.jpg"
Checking image "Snow_and_Glaciers/fig/glaciers_greenland_thumbnail.jpg"
Checking image "Snow_and_Glaciers/fig/helheim_glacier_thumbnail.jpg"
Checking image "Snow_and_Glaciers/fig/byrd_glacier_thumbnail.jpg"
Checking image "Snow_and_Glaciers/fig/mountains_new_zealand.jpg"
Checking image "Snow_and_Glaciers/fig/mountain_rivers_thumbnail.jpg"
Checking image "Snow_and_Glaciers/fig/himalayas_lakes_thumbnail.jpg"
Checking image "Snow_and_Glaciers/fig/canada_snowy_landscape_thumbnail.jpg"
Checking image "Snow_and_Glaciers/fig/ice_plates_thumbnail.jpg"
Checking image "_themeimgs/Urban.jpg"
Processing JSON file "Urban/Urban.json"
Checking image "Urban/fig/Temara_thumbnail.jpg"
Checking image "Urban/fig/Baltimore_thumbnail.jpg"
Checking image "Urban/fig/London_thumbnail.jpg"
Checking image "Urban/fig/Beijing_thumbnail.jpg"
Checking image "Urban/fig/Amsterdam_thumbnail.jpg"
Checking image "Urban/fig/Taizhou_thumbnail.jpg"
Checking image "Urban/fig/Moscow_thumbnail.jpg"
Checking image "Urban/fig/Toronto_thumbnail.jpg"
Checking image "Urban/fig/Melbourne_thumbnail.jpg"
Checking image "Urban/fig/Tabriz_thumbnail.jpg"
Checking image "Urban/fig/Venice_thumbnail.jpg"
Checking image "Urban/fig/Washington_thumbnail.jpg"
Checking image "Urban/fig/Lagos_thumbnail.jpg"
Checking image "Urban/fig/Kinshasa_thumbnail.jpg"
Checking image "Urban/fig/Mogadishu_thumbnail.jpg"
Checking image "Urban/fig/Khayelitsha_thumbnail.jpg"
Checking image "Urban/fig/Tokio_thumbnail.jpg"
Checking image "Urban/fig/Altai_thumbnail.jpg"
Checking image "Urban/fig/Nuuk_thumbnail.jpg"
Checking image "Urban/fig/Ptuj_thumbnail.jpg"
Checking image "Urban/fig/Seul_thumbnail.jpg"
Checking image "Urban/fig/Bagdhad_thumbnail.jpg"
Checking image "Urban/fig/TelAviv_thumbnail.jpg"
Checking image "Urban/fig/Giza_Urban_thumbnail.jpg"
Checking image "Urban/fig/Cadiz_thumbnail.jpg"
Checking image "Urban/fig/RioDeJaneiro_thumbnail.jpg"
Checking image "Urban/fig/Honolulu_thumbnail.jpg"
Checking image "Urban/fig/Delhi_thumbnail.jpg"
Checking image "_themeimgs/Vegetation_and_Forestry.jpg"
Processing JSON file "Vegetation_and_Forestry/Vegetation_and_Forestry.json"
Checking image "Vegetation_and_Forestry/fig/Forestry_in_Indonesia_thumbnail.jpg"
Checking image "Vegetation_and_Forestry/fig/Forestry_in_Central_African_Republic_thumbnail.jpg"
Checking image "Vegetation_and_Forestry/fig/Amazon_Rainforest_thumbnail.jpg"
Checking image "Vegetation_and_Forestry/fig/Sundarbans_EVI_thumbnail.jpg"
Checking image "Vegetation_and_Forestry/fig/Sundarbans_OTCI_thumbnail.jpg"
Checking image "Vegetation_and_Forestry/fig/Russian_Taiga_thumbnail.jpg"
Checking image "Vegetation_and_Forestry/fig/Serengetti_National_Park_thumbnail.jpg"
Checking image "_themeimgs/Volcanoes.jpg"
Processing JSON file "Volcanoes/Volcanoes.json"
Checking image "Volcanoes/fig/Kilauea_Volcanoes_thumbnail.jpg"
Checking image "Volcanoes/fig/Etna_Volcanoes_thumbnail.jpg"
Checking image "Volcanoes/fig/Nyiragongo_Volcanoes_thumbnail.jpg"
Checking image "Volcanoes/fig/Yasur_thumbnail.jpg"
Checking image "Volcanoes/fig/Pacaya_thumbnail.jpg"
Checking image "Volcanoes/fig/Stromboli_thumbnail.jpg"
Checking image "Volcanoes/fig/Erta_Ale_thumbnail.jpg"
Checking image "Volcanoes/fig/Jebel_Marra_thumbnail.jpg"
Checking image "_themeimgs/Wildfires.jpg"
Processing JSON file "Wildfires/Wildfires.json"
Checking image "Wildfires/fig/Croatia_Wildfires_thumbnail.jpg"
Checking image "Wildfires/fig/Croatia_burned_thumbnail.jpg"
Checking image "Wildfires/fig/Australia_wildfire_1_thumbnail.jpg"
Checking image "Wildfires/fig/Australia_wildfire_2_thumbnail.jpg"
Checking image "Wildfires/fig/Australia_CO_thumbnail.jpg"
Checking image "Wildfires/fig/Australia_NO2_thumbnail.jpg"
Checking image "Wildfires/fig/Australia_thermal_thumbnail.jpg"
Checking image "Wildfires/fig/California_wildfire_atmosphere_thumbnail.jpg"
Checking image "Wildfires/fig/California_wildfire_true_thumbnail.jpg"
Checking image "Wildfires/fig/California_CO_thumbnail.jpg"
Checking image "Wildfires/fig/California_NO2_thumbnail.jpg"
Checking image "Wildfires/fig/California_thermal_thumbnail.jpg"
Checking image "Wildfires/fig/Funchal_before_thumbnail.jpg"
Checking image "Wildfires/fig/Funchal_thumbnail.jpg"
Finished building HTML files
